# JRE version: Java(TM) SE Runtime Environment (8.0_31-b13) (build 1.8.0_31-b13)
# Java VM: Java HotSpot(TM) 64-Bit Server VM (25.31-b07 mixed mode windows-amd64 compressed oops)
Heap:
 PSYoungGen      total 170496K, used 126356K [0x00000000eab00000, 0x00000000f9300000, 0x0000000100000000)
  eden space 163328K, 73% used [0x00000000eab00000,0x00000000f1faaab0,0x00000000f4a80000)
  from space 7168K, 96% used [0x00000000f8c00000,0x00000000f92ba6d0,0x00000000f9300000)
  to   space 22528K, 0% used [0x00000000f6700000,0x00000000f6700000,0x00000000f7d00000)
 ParOldGen       total 107520K, used 38125K [0x00000000c0000000, 0x00000000c6900000, 0x00000000eab00000)
  object space 107520K, 35% used [0x00000000c0000000,0x00000000c253b630,0x00000000c6900000)
 Metaspace       used 53887K, capacity 56064K, committed 56320K, reserved 1097728K
  class space    used 7293K, capacity 7830K, committed 7936K, reserved 1048576K
GC Heap History (10 events):
Event: 9.284 GC heap before
{Heap before GC invocations=13 (full 2):
 PSYoungGen      total 150528K, used 136704K [0x00000000eab00000, 0x00000000f5680000, 0x0000000100000000)
  eden space 136704K, 100% used [0x00000000eab00000,0x00000000f3080000,0x00000000f3080000)
  from space 13824K, 0% used [0x00000000f4000000,0x00000000f4000000,0x00000000f4d80000)
  to   space 15872K, 0% used [0x00000000f3080000,0x00000000f3080000,0x00000000f4000000)
 ParOldGen       total 107520K, used 19269K [0x00000000c0000000, 0x00000000c6900000, 0x00000000eab00000)
  object space 107520K, 17% used [0x00000000c0000000,0x00000000c12d1718,0x00000000c6900000)
 Metaspace       used 40000K, capacity 40958K, committed 40960K, reserved 1085440K
  class space    used 5440K, capacity 5630K, committed 5632K, reserved 1048576K
Event: 9.300 GC heap after
Heap after GC invocations=13 (full 2):
 PSYoungGen      total 152576K, used 15860K [0x00000000eab00000, 0x00000000f7880000, 0x0000000100000000)
  eden space 136704K, 0% used [0x00000000eab00000,0x00000000eab00000,0x00000000f3080000)
  from space 15872K, 99% used [0x00000000f3080000,0x00000000f3ffd120,0x00000000f4000000)
  to   space 18944K, 0% used [0x00000000f6600000,0x00000000f6600000,0x00000000f7880000)
 ParOldGen       total 107520K, used 20708K [0x00000000c0000000, 0x00000000c6900000, 0x00000000eab00000)
  object space 107520K, 19% used [0x00000000c0000000,0x00000000c14393d0,0x00000000c6900000)
 Metaspace       used 40000K, capacity 40958K, committed 40960K, reserved 1085440K
  class space    used 5440K, capacity 5630K, committed 5632K, reserved 1048576K
}
Event: 9.978 GC heap before
{Heap before GC invocations=14 (full 2):
 PSYoungGen      total 152576K, used 97077K [0x00000000eab00000, 0x00000000f7880000, 0x0000000100000000)
  eden space 136704K, 59% used [0x00000000eab00000,0x00000000efa503c8,0x00000000f3080000)
  from space 15872K, 99% used [0x00000000f3080000,0x00000000f3ffd120,0x00000000f4000000)
  to   space 18944K, 0% used [0x00000000f6600000,0x00000000f6600000,0x00000000f7880000)
 ParOldGen       total 107520K, used 20708K [0x00000000c0000000, 0x00000000c6900000, 0x00000000eab00000)
  object space 107520K, 19% used [0x00000000c0000000,0x00000000c14393d0,0x00000000c6900000)
 Metaspace       used 42688K, capacity 44230K, committed 44544K, reserved 1087488K
  class space    used 5905K, capacity 6284K, committed 6400K, reserved 1048576K
Event: 10.004 GC heap after
Heap after GC invocations=14 (full 2):
 PSYoungGen      total 187392K, used 18934K [0x00000000eab00000, 0x00000000f8080000, 0x0000000100000000)
  eden space 168448K, 0% used [0x00000000eab00000,0x00000000eab00000,0x00000000f4f80000)
  from space 18944K, 99% used [0x00000000f6600000,0x00000000f787d928,0x00000000f7880000)
  to   space 23040K, 0% used [0x00000000f4f80000,0x00000000f4f80000,0x00000000f6600000)
 ParOldGen       total 107520K, used 23926K [0x00000000c0000000, 0x00000000c6900000, 0x00000000eab00000)
  object space 107520K, 22% used [0x00000000c0000000,0x00000000c175daa8,0x00000000c6900000)
 Metaspace       used 42688K, capacity 44230K, committed 44544K, reserved 1087488K
  class space    used 5905K, capacity 6284K, committed 6400K, reserved 1048576K
}
Event: 10.004 GC heap before
{Heap before GC invocations=15 (full 3):
 PSYoungGen      total 187392K, used 18934K [0x00000000eab00000, 0x00000000f8080000, 0x0000000100000000)
  eden space 168448K, 0% used [0x00000000eab00000,0x00000000eab00000,0x00000000f4f80000)
  from space 18944K, 99% used [0x00000000f6600000,0x00000000f787d928,0x00000000f7880000)
  to   space 23040K, 0% used [0x00000000f4f80000,0x00000000f4f80000,0x00000000f6600000)
 ParOldGen       total 107520K, used 23926K [0x00000000c0000000, 0x00000000c6900000, 0x00000000eab00000)
  object space 107520K, 22% used [0x00000000c0000000,0x00000000c175daa8,0x00000000c6900000)
 Metaspace       used 42688K, capacity 44230K, committed 44544K, reserved 1087488K
  class space    used 5905K, capacity 6284K, committed 6400K, reserved 1048576K
Event: 10.249 GC heap after
Heap after GC invocations=15 (full 3):
 PSYoungGen      total 187392K, used 0K [0x00000000eab00000, 0x00000000f8080000, 0x0000000100000000)
  eden space 168448K, 0% used [0x00000000eab00000,0x00000000eab00000,0x00000000f4f80000)
  from space 18944K, 0% used [0x00000000f6600000,0x00000000f6600000,0x00000000f7880000)
  to   space 23040K, 0% used [0x00000000f4f80000,0x00000000f4f80000,0x00000000f6600000)
 ParOldGen       total 107520K, used 38109K [0x00000000c0000000, 0x00000000c6900000, 0x00000000eab00000)
  object space 107520K, 35% used [0x00000000c0000000,0x00000000c2537630,0x00000000c6900000)
 Metaspace       used 42688K, capacity 44230K, committed 44544K, reserved 1087488K
  class space    used 5905K, capacity 6284K, committed 6400K, reserved 1048576K
}
Event: 17.180 GC heap before
{Heap before GC invocations=16 (full 3):
 PSYoungGen      total 187392K, used 168448K [0x00000000eab00000, 0x00000000f8080000, 0x0000000100000000)
  eden space 168448K, 100% used [0x00000000eab00000,0x00000000f4f80000,0x00000000f4f80000)
  from space 18944K, 0% used [0x00000000f6600000,0x00000000f6600000,0x00000000f7880000)
  to   space 23040K, 0% used [0x00000000f4f80000,0x00000000f4f80000,0x00000000f6600000)
 ParOldGen       total 107520K, used 38109K [0x00000000c0000000, 0x00000000c6900000, 0x00000000eab00000)
  object space 107520K, 35% used [0x00000000c0000000,0x00000000c2537630,0x00000000c6900000)
 Metaspace       used 46549K, capacity 48578K, committed 48640K, reserved 1091584K
  class space    used 6383K, capacity 6900K, committed 6912K, reserved 1048576K
Event: 17.201 GC heap after
Heap after GC invocations=16 (full 3):
 PSYoungGen      total 191488K, used 14005K [0x00000000eab00000, 0x00000000fa300000, 0x0000000100000000)
  eden space 168448K, 0% used [0x00000000eab00000,0x00000000eab00000,0x00000000f4f80000)
  from space 23040K, 60% used [0x00000000f4f80000,0x00000000f5d2d7e8,0x00000000f6600000)
  to   space 23552K, 0% used [0x00000000f8c00000,0x00000000f8c00000,0x00000000fa300000)
 ParOldGen       total 107520K, used 38117K [0x00000000c0000000, 0x00000000c6900000, 0x00000000eab00000)
  object space 107520K, 35% used [0x00000000c0000000,0x00000000c2539630,0x00000000c6900000)
 Metaspace       used 46549K, capacity 48578K, committed 48640K, reserved 1091584K
  class space    used 6383K, capacity 6900K, committed 6912K, reserved 1048576K
}
Event: 1270.937 GC heap before
{Heap before GC invocations=17 (full 3):
 PSYoungGen      total 191488K, used 182453K [0x00000000eab00000, 0x00000000fa300000, 0x0000000100000000)
  eden space 168448K, 100% used [0x00000000eab00000,0x00000000f4f80000,0x00000000f4f80000)
  from space 23040K, 60% used [0x00000000f4f80000,0x00000000f5d2d7e8,0x00000000f6600000)
  to   space 23552K, 0% used [0x00000000f8c00000,0x00000000f8c00000,0x00000000fa300000)
 ParOldGen       total 107520K, used 38117K [0x00000000c0000000, 0x00000000c6900000, 0x00000000eab00000)
  object space 107520K, 35% used [0x00000000c0000000,0x00000000c2539630,0x00000000c6900000)
 Metaspace       used 48341K, capacity 50436K, committed 50688K, reserved 1093632K
  class space    used 6618K, capacity 7116K, committed 7168K, reserved 1048576K
Event: 1270.974 GC heap after
Heap after GC invocations=17 (full 3):
 PSYoungGen      total 170496K, used 6889K [0x00000000eab00000, 0x00000000f9300000, 0x0000000100000000)
  eden space 163328K, 0% used [0x00000000eab00000,0x00000000eab00000,0x00000000f4a80000)
  from space 7168K, 96% used [0x00000000f8c00000,0x00000000f92ba6d0,0x00000000f9300000)
  to   space 22528K, 0% used [0x00000000f6700000,0x00000000f6700000,0x00000000f7d00000)
 ParOldGen       total 107520K, used 38125K [0x00000000c0000000, 0x00000000c6900000, 0x00000000eab00000)
  object space 107520K, 35% used [0x00000000c0000000,0x00000000c253b630,0x00000000c6900000)
 Metaspace       used 48341K, capacity 50436K, committed 50688K, reserved 1093632K
  class space    used 6618K, capacity 7116K, committed 7168K, reserved 1048576K
}

